Build started 1/13/2014 8:02:27 PM.
     1>Project "C:\SeniorProj\Game\Game\Game\Game.vcxproj" on node 2 (Build target(s)).
     1>ClCompile:
         C:\Program Files (x86)\Microsoft Visual Studio 12.0\VC\bin\CL.exe /c /ZI /nologo /W3 /WX- /Od /Oy- /D WIN32 /D _DEBUG /D _WINDOWS /D _MBCS /Gm /EHsc /RTC1 /MDd /GS /fp:precise /Zc:wchar_t /Zc:forScope /Fo"Debug\\" /Fd"Debug\vc120.pdb" /Gd /TP /analyze- /errorReport:prompt DXApp.cpp DXUtil.cpp Game.cpp Main.cpp
         Main.cpp
         Game.cpp
         DXUtil.cpp
         DXApp.cpp
     1>c:\seniorproj\game\game\game\dxapp.cpp(189): warning C4018: '<' : signed/unsigned mismatch
     1>c:\seniorproj\game\game\game\dxapp.cpp(223): warning C4244: '=' : conversion from 'UINT' to 'FLOAT', possible loss of data
     1>c:\seniorproj\game\game\game\dxapp.cpp(224): warning C4244: '=' : conversion from 'UINT' to 'FLOAT', possible loss of data
         Generating Code...
       Link:
         C:\Program Files (x86)\Microsoft Visual Studio 12.0\VC\bin\link.exe /ERRORREPORT:PROMPT /OUT:"C:\SeniorProj\Game\Game\Debug\Game.exe" /INCREMENTAL /NOLOGO kernel32.lib user32.lib gdi32.lib winspool.lib comdlg32.lib advapi32.lib shell32.lib ole32.lib oleaut32.lib uuid.lib odbc32.lib odbccp32.lib /MANIFEST /MANIFESTUAC:"level='asInvoker' uiAccess='false'" /manifest:embed /DEBUG /PDB:"C:\SeniorProj\Game\Game\Debug\Game.pdb" /SUBSYSTEM:WINDOWS /TLBID:1 /ENTRY:"WinMain" /DYNAMICBASE /NXCOMPAT /IMPLIB:"C:\SeniorProj\Game\Game\Debug\Game.lib" /MACHINE:X86 Debug\DXApp.obj
         Debug\DXUtil.obj
         Debug\Game.obj
         Debug\Main.obj
     1>DXApp.obj : warning LNK4210: .CRT section exists; there may be unhandled static initializers or terminators
     1>DXUtil.obj : warning LNK4210: .CRT section exists; there may be unhandled static initializers or terminators
     1>Game.obj : warning LNK4210: .CRT section exists; there may be unhandled static initializers or terminators
     1>Main.obj : warning LNK4210: .CRT section exists; there may be unhandled static initializers or terminators
     1>MSVCRTD.lib(atonexit.obj) : warning LNK4210: .CRT section exists; there may be unhandled static initializers or terminators
         Game.vcxproj -> C:\SeniorProj\Game\Game\Debug\Game.exe
     1>Done Building Project "C:\SeniorProj\Game\Game\Game\Game.vcxproj" (Build target(s)).

Build succeeded.

Time Elapsed 00:00:11.21
